#
# There is insufficient memory for the Java Runtime Environment to continue.
# Native memory allocation (malloc) failed to allocate 32744 bytes for ChunkPool::allocate
# Possible reasons:
#   The system is out of physical RAM or swap space
#   In 32 bit mode, the process size limit was hit
# Possible solutions:
#   Reduce memory load on the system
#   Increase physical memory or swap space
#   Check if swap backing store is full
#   Use 64 bit Java on a 64 bit OS
#   Decrease Java heap size (-Xmx/-Xms)
#   Decrease number of Java threads
#   Decrease Java thread stack sizes (-Xss)
#   Set larger code cache with -XX:ReservedCodeCacheSize=
# This output file may be truncated or incomplete.
#
#  Out of Memory Error (allocation.cpp:273), pid=3267, tid=0x00007fdd00ef1780
#
# JRE version: OpenJDK Runtime Environment (8.0_151-b12) (build 1.8.0_151-8u151-b12-0ubuntu0.16.04.2-b12)
# Java VM: OpenJDK 64-Bit Server VM (25.151-b12 mixed mode linux-amd64 compressed oops)
# Failed to write core dump. Core dumps have been disabled. To enable core dumping, try "ulimit -c unlimited" before starting Java again
#

---------------  T H R E A D  ---------------

Current thread (0x0000000003b76800):  JavaThread "main" [_thread_in_vm, id=3267, stack(0x00007ffd273e6000,0x00007ffd27be4000)]

Stack: [0x00007ffd273e6000,0x00007ffd27be4000],  sp=0x00007ffd27bd30b0,  free space=8116k
Native frames: (J=compiled Java code, j=interpreted, Vv=VM code, C=native code)
V  [libjvm.so+0xa684eb]
V  [libjvm.so+0x4c579c]
V  [libjvm.so+0x2b8d3e]
V  [libjvm.so+0x2b8559]
V  [libjvm.so+0x42929a]
V  [libjvm.so+0x42aef1]
V  [libjvm.so+0x9d7336]
V  [libjvm.so+0x6a406f]
V  [libjvm.so+0x6a544c]  JVM_DefineClassWithSource+0xbc
C  [libjava.so+0xec95]  Java_java_lang_ClassLoader_defineClass1+0x205
j  java.lang.ClassLoader.defineClass1(Ljava/lang/String;[BIILjava/security/ProtectionDomain;Ljava/lang/String;)Ljava/lang/Class;+0
j  java.lang.ClassLoader.defineClass(Ljava/lang/String;[BIILjava/security/ProtectionDomain;)Ljava/lang/Class;+27
j  sun.reflect.GeneratedMethodAccessor1.invoke(Ljava/lang/Object;[Ljava/lang/Object;)Ljava/lang/Object;+220
j  sun.reflect.DelegatingMethodAccessorImpl.invoke(Ljava/lang/Object;[Ljava/lang/Object;)Ljava/lang/Object;+6
j  java.lang.reflect.Method.invoke(Ljava/lang/Object;[Ljava/lang/Object;)Ljava/lang/Object;+56
j  weka.core.WekaPackageClassLoaderManager.injectClasses(Ljava/io/InputStream;Ljava/util/List;Ljava/util/List;Z)V+565
j  weka.core.WekaPackageClassLoaderManager.injectAllClassesInFromStream(Ljava/io/InputStream;)V+11
j  weka.core.WekaPackageClassLoaderManager.injectMTJCoreClasses()V+104
j  weka.core.WekaPackageManager.<clinit>()V+228
v  ~StubRoutines::call_stub
V  [libjvm.so+0x66287b]
V  [libjvm.so+0x6212e7]
V  [libjvm.so+0x6216e2]
V  [libjvm.so+0x621b40]
V  [libjvm.so+0x6ada26]
V  [libjvm.so+0x6add59]  JVM_FindClassFromCaller+0x159
C  [libjava.so+0xe7d0]  Java_java_lang_Class_forName0+0x140
j  java.lang.Class.forName0(Ljava/lang/String;ZLjava/lang/ClassLoader;Ljava/lang/Class;)Ljava/lang/Class;+0
j  java.lang.Class.forName(Ljava/lang/String;ZLjava/lang/ClassLoader;)Ljava/lang/Class;+49
v  ~StubRoutines::call_stub
V  [libjvm.so+0x66287b]
V  [libjvm.so+0x68452e]
V  [libjvm.so+0x6859b2]
C  [rJava.so+0x7f37]  findClass+0xb7
C  0x6150616b65572e65

Java frames: (J=compiled Java code, j=interpreted, Vv=VM code)
j  java.lang.ClassLoader.defineClass1(Ljava/lang/String;[BIILjava/security/ProtectionDomain;Ljava/lang/String;)Ljava/lang/Class;+0
j  java.lang.ClassLoader.defineClass(Ljava/lang/String;[BIILjava/security/ProtectionDomain;)Ljava/lang/Class;+27
j  sun.reflect.GeneratedMethodAccessor1.invoke(Ljava/lang/Object;[Ljava/lang/Object;)Ljava/lang/Object;+220
j  sun.reflect.DelegatingMethodAccessorImpl.invoke(Ljava/lang/Object;[Ljava/lang/Object;)Ljava/lang/Object;+6
j  java.lang.reflect.Method.invoke(Ljava/lang/Object;[Ljava/lang/Object;)Ljava/lang/Object;+56
j  weka.core.WekaPackageClassLoaderManager.injectClasses(Ljava/io/InputStream;Ljava/util/List;Ljava/util/List;Z)V+565
j  weka.core.WekaPackageClassLoaderManager.injectAllClassesInFromStream(Ljava/io/InputStream;)V+11
j  weka.core.WekaPackageClassLoaderManager.injectMTJCoreClasses()V+104
j  weka.core.WekaPackageManager.<clinit>()V+228
v  ~StubRoutines::call_stub
j  java.lang.Class.forName0(Ljava/lang/String;ZLjava/lang/ClassLoader;Ljava/lang/Class;)Ljava/lang/Class;+0
j  java.lang.Class.forName(Ljava/lang/String;ZLjava/lang/ClassLoader;)Ljava/lang/Class;+49
v  ~StubRoutines::call_stub

---------------  P R O C E S S  ---------------

Java Threads: ( => current thread )
  0x0000000003d34800 JavaThread "Service Thread" daemon [_thread_blocked, id=3309, stack(0x00007fdce9d7b000,0x00007fdce9e7c000)]
  0x0000000003d32000 JavaThread "C1 CompilerThread1" daemon [_thread_blocked, id=3308, stack(0x00007fdce9e7c000,0x00007fdce9f7d000)]
  0x0000000003d31000 JavaThread "C2 CompilerThread0" daemon [_thread_in_native, id=3307, stack(0x00007fdce9f7d000,0x00007fdcea07e000)]
  0x0000000003d30800 JavaThread "Attach Listener" daemon [_thread_blocked, id=3306, stack(0x00007fdcea07e000,0x00007fdcea17f000)]
  0x0000000003d12800 JavaThread "Finalizer" daemon [_thread_blocked, id=3305, stack(0x00007fdcea17f000,0x00007fdcea280000)]
  0x0000000003d10000 JavaThread "Reference Handler" daemon [_thread_blocked, id=3304, stack(0x00007fdcea280000,0x00007fdcea381000)]
=>0x0000000003b76800 JavaThread "main" [_thread_in_vm, id=3267, stack(0x00007ffd273e6000,0x00007ffd27be4000)]

Other Threads:
  0x0000000003d0b000 VMThread [stack: 0x00007fdcea381000,0x00007fdcea482000] [id=3303]
  0x0000000003d36000 WatcherThread [stack: 0x00007fdce9c7a000,0x00007fdce9d7b000] [id=3310]

VM state:not at safepoint (normal execution)

VM Mutex/Monitor currently owned by a thread: None

Heap:
 def new generation   total 4928K, used 1267K [0x00000000e0000000, 0x00000000e0550000, 0x00000000eaaa0000)
  eden space 4416K,  24% used [0x00000000e0000000, 0x00000000e010ae00, 0x00000000e0450000)
  from space 512K,  39% used [0x00000000e0450000, 0x00000000e04821a8, 0x00000000e04d0000)
  to   space 512K,   0% used [0x00000000e04d0000, 0x00000000e04d0000, 0x00000000e0550000)
 tenured generation   total 10944K, used 3553K [0x00000000eaaa0000, 0x00000000eb550000, 0x0000000100000000)
   the space 10944K,  32% used [0x00000000eaaa0000, 0x00000000eae18538, 0x00000000eae18600, 0x00000000eb550000)
 Metaspace       used 5405K, capacity 5908K, committed 6144K, reserved 1056768K
  class space    used 598K, capacity 676K, committed 768K, reserved 1048576K

Card table byte_map: [0x00007fdceaefc000,0x00007fdceaffd000] byte_map_base: 0x00007fdcea7fc000

Polling page: 0x00007fdd00efc000

CodeCache: size=245760Kb used=2378Kb max_used=2378Kb free=243381Kb
 bounds [0x00007fdceb3bd000, 0x00007fdceb62d000, 0x00007fdcfa3bd000]
 total_blobs=752 nmethods=489 adapters=178
 compilation: enabled

Compilation events (10 events):
Event: 3.348 Thread 0x0000000003d32000 nmethod 485 0x00007fdceb5ff6d0 code [0x00007fdceb5ff840, 0x00007fdceb5ffa60]
Event: 3.367 Thread 0x0000000003d32000  486       1       java.lang.Integer::intValue (5 bytes)
Event: 3.368 Thread 0x0000000003d32000 nmethod 486 0x00007fdceb5ff410 code [0x00007fdceb5ff560, 0x00007fdceb5ff670]
Event: 3.379 Thread 0x0000000003d32000  487       3       java.lang.Integer::valueOf (32 bytes)
Event: 3.380 Thread 0x0000000003d32000 nmethod 487 0x00007fdceb5fed90 code [0x00007fdceb5fef20, 0x00007fdceb5ff270]
Event: 3.450 Thread 0x0000000003d32000  488       3       java.util.Vector::ensureCapacityHelper (16 bytes)
Event: 4.739 Thread 0x0000000003d32000 nmethod 488 0x00007fdceb5fe990 code [0x00007fdceb5feb00, 0x00007fdceb5fecc0]
Event: 42.402 Thread 0x0000000003d32000  489  s    3       java.util.Vector::addElement (38 bytes)
Event: 80.123 Thread 0x0000000003d32000 nmethod 489 0x00007fdceb60c9d0 code [0x00007fdceb60cb60, 0x00007fdceb60d080]
Event: 135.108 Thread 0x0000000003d32000  490       3       java.lang.ClassLoader::preDefineClass (109 bytes)

GC Heap History (10 events):
Event: 2.420 GC heap before
{Heap before GC invocations=3 (full 0):
 def new generation   total 4928K, used 4927K [0x00000000e0000000, 0x00000000e0550000, 0x00000000eaaa0000)
  eden space 4416K, 100% used [0x00000000e0000000, 0x00000000e0450000, 0x00000000e0450000)
  from space 512K,  99% used [0x00000000e04d0000, 0x00000000e054fff8, 0x00000000e0550000)
  to   space 512K,   0% used [0x00000000e0450000, 0x00000000e0450000, 0x00000000e04d0000)
 tenured generation   total 10944K, used 2329K [0x00000000eaaa0000, 0x00000000eb550000, 0x0000000100000000)
   the space 10944K,  21% used [0x00000000eaaa0000, 0x00000000eace64a0, 0x00000000eace6600, 0x00000000eb550000)
 Metaspace       used 4445K, capacity 5046K, committed 5248K, reserved 1056768K
  class space    used 462K, capacity 539K, committed 640K, reserved 1048576K
Event: 2.421 GC heap after
Heap after GC invocations=4 (full 0):
 def new generation   total 4928K, used 511K [0x00000000e0000000, 0x00000000e0550000, 0x00000000eaaa0000)
  eden space 4416K,   0% used [0x00000000e0000000, 0x00000000e0000000, 0x00000000e0450000)
  from space 512K,  99% used [0x00000000e0450000, 0x00000000e04cfff8, 0x00000000e04d0000)
  to   space 512K,   0% used [0x00000000e04d0000, 0x00000000e04d0000, 0x00000000e0550000)
 tenured generation   total 10944K, used 3042K [0x00000000eaaa0000, 0x00000000eb550000, 0x0000000100000000)
   the space 10944K,  27% used [0x00000000eaaa0000, 0x00000000ead98890, 0x00000000ead98a00, 0x00000000eb550000)
 Metaspace       used 4445K, capacity 5046K, committed 5248K, reserved 1056768K
  class space    used 462K, capacity 539K, committed 640K, reserved 1048576K
}
Event: 2.693 GC heap before
{Heap before GC invocations=4 (full 0):
 def new generation   total 4928K, used 4927K [0x00000000e0000000, 0x00000000e0550000, 0x00000000eaaa0000)
  eden space 4416K, 100% used [0x00000000e0000000, 0x00000000e0450000, 0x00000000e0450000)
  from space 512K,  99% used [0x00000000e0450000, 0x00000000e04cfff8, 0x00000000e04d0000)
  to   space 512K,   0% used [0x00000000e04d0000, 0x00000000e04d0000, 0x00000000e0550000)
 tenured generation   total 10944K, used 3042K [0x00000000eaaa0000, 0x00000000eb550000, 0x0000000100000000)
   the space 10944K,  27% used [0x00000000eaaa0000, 0x00000000ead98890, 0x00000000ead98a00, 0x00000000eb550000)
 Metaspace       used 4498K, capacity 5046K, committed 5248K, reserved 1056768K
  class space    used 462K, capacity 539K, committed 640K, reserved 1048576K
Event: 2.694 GC heap after
Heap after GC invocations=5 (full 0):
 def new generation   total 4928K, used 48K [0x00000000e0000000, 0x00000000e0550000, 0x00000000eaaa0000)
  eden space 4416K,   0% used [0x00000000e0000000, 0x00000000e0000000, 0x00000000e0450000)
  from space 512K,   9% used [0x00000000e04d0000, 0x00000000e04dc148, 0x00000000e0550000)
  to   space 512K,   0% used [0x00000000e0450000, 0x00000000e0450000, 0x00000000e04d0000)
 tenured generation   total 10944K, used 3553K [0x00000000eaaa0000, 0x00000000eb550000, 0x0000000100000000)
   the space 10944K,  32% used [0x00000000eaaa0000, 0x00000000eae18538, 0x00000000eae18600, 0x00000000eb550000)
 Metaspace       used 4498K, capacity 5046K, committed 5248K, reserved 1056768K
  class space    used 462K, capacity 539K, committed 640K, reserved 1048576K
}
Event: 2.850 GC heap before
{Heap before GC invocations=5 (full 0):
 def new generation   total 4928K, used 4464K [0x00000000e0000000, 0x00000000e0550000, 0x00000000eaaa0000)
  eden space 4416K, 100% used [0x00000000e0000000, 0x00000000e0450000, 0x00000000e0450000)
  from space 512K,   9% used [0x00000000e04d0000, 0x00000000e04dc148, 0x00000000e0550000)
  to   space 512K,   0% used [0x00000000e0450000, 0x00000000e0450000, 0x00000000e04d0000)
 tenured generation   total 10944K, used 3553K [0x00000000eaaa0000, 0x00000000eb550000, 0x0000000100000000)
   the space 10944K,  32% used [0x00000000eaaa0000, 0x00000000eae18538, 0x00000000eae18600, 0x00000000eb550000)
 Metaspace       used 4499K, capacity 5046K, committed 5248K, reserved 1056768K
  class space    used 462K, capacity 539K, committed 640K, reserved 1048576K
Event: 2.851 GC heap after
Heap after GC invocations=6 (full 0):
 def new generation   total 4928K, used 100K [0x00000000e0000000, 0x00000000e0550000, 0x00000000eaaa0000)
  eden space 4416K,   0% used [0x00000000e0000000, 0x00000000e0000000, 0x00000000e0450000)
  from space 512K,  19% used [0x00000000e0450000, 0x00000000e0469188, 0x00000000e04d0000)
  to   space 512K,   0% used [0x00000000e04d0000, 0x00000000e04d0000, 0x00000000e0550000)
 tenured generation   total 10944K, used 3553K [0x00000000eaaa0000, 0x00000000eb550000, 0x0000000100000000)
   the space 10944K,  32% used [0x00000000eaaa0000, 0x00000000eae18538, 0x00000000eae18600, 0x00000000eb550000)
 Metaspace       used 4499K, capacity 5046K, committed 5248K, reserved 1056768K
  class space    used 462K, capacity 539K, committed 640K, reserved 1048576K
}
Event: 3.045 GC heap before
{Heap before GC invocations=6 (full 0):
 def new generation   total 4928K, used 4516K [0x00000000e0000000, 0x00000000e0550000, 0x00000000eaaa0000)
  eden space 4416K, 100% used [0x00000000e0000000, 0x00000000e0450000, 0x00000000e0450000)
  from space 512K,  19% used [0x00000000e0450000, 0x00000000e0469188, 0x00000000e04d0000)
  to   space 512K,   0% used [0x00000000e04d0000, 0x00000000e04d0000, 0x00000000e0550000)
 tenured generation   total 10944K, used 3553K [0x00000000eaaa0000, 0x00000000eb550000, 0x0000000100000000)
   the space 10944K,  32% used [0x00000000eaaa0000, 0x00000000eae18538, 0x00000000eae18600, 0x00000000eb550000)
 Metaspace       used 4499K, capacity 5046K, committed 5248K, reserved 1056768K
  class space    used 462K, capacity 539K, committed 640K, reserved 1048576K
Event: 3.045 GC heap after
Heap after GC invocations=7 (full 0):
 def new generation   total 4928K, used 140K [0x00000000e0000000, 0x00000000e0550000, 0x00000000eaaa0000)
  eden space 4416K,   0% used [0x00000000e0000000, 0x00000000e0000000, 0x00000000e0450000)
  from space 512K,  27% used [0x00000000e04d0000, 0x00000000e04f33f0, 0x00000000e0550000)
  to   space 512K,   0% used [0x00000000e0450000, 0x00000000e0450000, 0x00000000e04d0000)
 tenured generation   total 10944K, used 3553K [0x00000000eaaa0000, 0x00000000eb550000, 0x0000000100000000)
   the space 10944K,  32% used [0x00000000eaaa0000, 0x00000000eae18538, 0x00000000eae18600, 0x00000000eb550000)
 Metaspace       used 4499K, capacity 5046K, committed 5248K, reserved 1056768K
  class space    used 462K, capacity 539K, committed 640K, reserved 1048576K
}
Event: 3.229 GC heap before
{Heap before GC invocations=7 (full 0):
 def new generation   total 4928K, used 4556K [0x00000000e0000000, 0x00000000e0550000, 0x00000000eaaa0000)
  eden space 4416K, 100% used [0x00000000e0000000, 0x00000000e0450000, 0x00000000e0450000)
  from space 512K,  27% used [0x00000000e04d0000, 0x00000000e04f33f0, 0x00000000e0550000)
  to   space 512K,   0% used [0x00000000e0450000, 0x00000000e0450000, 0x00000000e04d0000)
 tenured generation   total 10944K, used 3553K [0x00000000eaaa0000, 0x00000000eb550000, 0x0000000100000000)
   the space 10944K,  32% used [0x00000000eaaa0000, 0x00000000eae18538, 0x00000000eae18600, 0x00000000eb550000)
 Metaspace       used 4499K, capacity 5046K, committed 5248K, reserved 1056768K
  class space    used 462K, capacity 539K, committed 640K, reserved 1048576K
Event: 3.230 GC heap after
Heap after GC invocations=8 (full 0):
 def new generation   total 4928K, used 200K [0x00000000e0000000, 0x00000000e0550000, 0x00000000eaaa0000)
  eden space 4416K,   0% used [0x00000000e0000000, 0x00000000e0000000, 0x00000000e0450000)
  from space 512K,  39% used [0x00000000e0450000, 0x00000000e04821a8, 0x00000000e04d0000)
  to   space 512K,   0% used [0x00000000e04d0000, 0x00000000e04d0000, 0x00000000e0550000)
 tenured generation   total 10944K, used 3553K [0x00000000eaaa0000, 0x00000000eb550000, 0x0000000100000000)
   the space 10944K,  32% used [0x00000000eaaa0000, 0x00000000eae18538, 0x00000000eae18600, 0x00000000eb550000)
 Metaspace       used 4499K, capacity 5046K, committed 5248K, reserved 1056768K
  class space    used 462K, capacity 539K, committed 640K, reserved 1048576K
}

Deoptimization events (0 events):
No events

Internal exceptions (10 events):
Event: 1.169 Thread 0x0000000003b76800 Exception <a 'java/security/PrivilegedActionException'> (0x00000000e01a4d78) thrown at [/build/openjdk-8-W2Qe27/openjdk-8-8u151-b12/src/hotspot/src/share/vm/prims/jvm.cpp, line 1390]
Event: 1.169 Thread 0x0000000003b76800 Exception <a 'java/security/PrivilegedActionException'> (0x00000000e01a6e00) thrown at [/build/openjdk-8-W2Qe27/openjdk-8-8u151-b12/src/hotspot/src/share/vm/prims/jvm.cpp, line 1390]
Event: 1.169 Thread 0x0000000003b76800 Exception <a 'java/security/PrivilegedActionException'> (0x00000000e01a7010) thrown at [/build/openjdk-8-W2Qe27/openjdk-8-8u151-b12/src/hotspot/src/share/vm/prims/jvm.cpp, line 1390]
Event: 1.169 Thread 0x0000000003b76800 Exception <a 'java/security/PrivilegedActionException'> (0x00000000e01a7ae8) thrown at [/build/openjdk-8-W2Qe27/openjdk-8-8u151-b12/src/hotspot/src/share/vm/prims/jvm.cpp, line 1390]
Event: 1.169 Thread 0x0000000003b76800 Exception <a 'java/security/PrivilegedActionException'> (0x00000000e01a7cf8) thrown at [/build/openjdk-8-W2Qe27/openjdk-8-8u151-b12/src/hotspot/src/share/vm/prims/jvm.cpp, line 1390]
Event: 1.617 Thread 0x0000000003b76800 Exception <a 'java/lang/NoSuchFieldError': method resolution failed> (0x00000000e02ba558) thrown at [/build/openjdk-8-W2Qe27/openjdk-8-8u151-b12/src/hotspot/src/share/vm/prims/methodHandles.cpp, line 1146]
Event: 1.624 Thread 0x0000000003b76800 Exception <a 'java/lang/NoSuchFieldError': method resolution failed> (0x00000000e02c7978) thrown at [/build/openjdk-8-W2Qe27/openjdk-8-8u151-b12/src/hotspot/src/share/vm/prims/methodHandles.cpp, line 1146]
Event: 3.303 Thread 0x0000000003b76800 Exception <a 'java/lang/NoClassDefFoundError': org/j_paine/formatter/FormatParserConstants> (0x00000000e00e1f58) thrown at [/build/openjdk-8-W2Qe27/openjdk-8-8u151-b12/src/hotspot/src/share/vm/classfile/systemDictionary.cpp, line 199]
Event: 3.303 Thread 0x0000000003b76800 Exception <a 'java/lang/reflect/InvocationTargetException'> (0x00000000e00e2160) thrown at [/build/openjdk-8-W2Qe27/openjdk-8-8u151-b12/src/hotspot/src/share/vm/runtime/reflection.cpp, line 1092]
Event: 3.352 Thread 0x0000000003b76800 Exception <a 'java/lang/NoClassDefFoundError': org/j_paine/formatter/NumberParserConstants> (0x00000000e00eaf70) thrown at [/build/openjdk-8-W2Qe27/openjdk-8-8u151-b12/src/hotspot/src/share/vm/classfile/systemDictionary.cpp, line 199]

Events (10 events):
Event: 3.348 loading class sun/reflect/MethodAccessorGenerator$1
Event: 3.348 loading class sun/reflect/MethodAccessorGenerator$1 done
Event: 3.348 loading class sun/reflect/ClassDefiner
Event: 3.351 loading class sun/reflect/ClassDefiner done
Event: 3.351 loading class sun/reflect/ClassDefiner$1
Event: 3.351 loading class sun/reflect/ClassDefiner$1 done
Event: 3.352 loading class org/j_paine/formatter/NumberParserConstants
Event: 3.352 loading class org/j_paine/formatter/NumberParserConstants done
Event: 4.934 Executing VM operation: EnableBiasedLocking
Event: 6.683 Executing VM operation: EnableBiasedLocking done


Dynamic libraries:
00400000-00401000 r-xp 00000000 ca:01 295147                             /usr/lib/R/bin/exec/R
00600000-00601000 r--p 00000000 ca:01 295147                             /usr/lib/R/bin/exec/R
00601000-00602000 rw-p 00001000 ca:01 295147                             /usr/lib/R/bin/exec/R
01fda000-03fd0000 rw-p 00000000 00:00 0                                  [heap]
e0000000-e0550000 rw-p 00000000 00:00 0 
e0550000-eaaa0000 ---p 00000000 00:00 0 
eaaa0000-eb550000 rw-p 00000000 00:00 0 
eb550000-100000000 ---p 00000000 00:00 0 
100000000-1000c0000 rw-p 00000000 00:00 0 
1000c0000-140000000 ---p 00000000 00:00 0 
7fdcc4000000-7fdcc4021000 rw-p 00000000 00:00 0 
7fdcc4021000-7fdcc8000000 ---p 00000000 00:00 0 
7fdccc000000-7fdccc2f0000 rw-p 00000000 00:00 0 
7fdccc2f0000-7fdcd0000000 ---p 00000000 00:00 0 
7fdcd0000000-7fdcd0021000 rw-p 00000000 00:00 0 
7fdcd0021000-7fdcd4000000 ---p 00000000 00:00 0 
7fdcd4000000-7fdcd4021000 rw-p 00000000 00:00 0 
7fdcd4021000-7fdcd8000000 ---p 00000000 00:00 0 
7fdcd8000000-7fdcd83b5000 rw-p 00000000 00:00 0 
7fdcd83b5000-7fdcdc000000 ---p 00000000 00:00 0 
7fdcdc000000-7fdcdc021000 rw-p 00000000 00:00 0 
7fdcdc021000-7fdce0000000 ---p 00000000 00:00 0 
7fdce0000000-7fdce0021000 rw-p 00000000 00:00 0 
7fdce0021000-7fdce4000000 ---p 00000000 00:00 0 
7fdce4000000-7fdce4021000 rw-p 00000000 00:00 0 
7fdce4021000-7fdce8000000 ---p 00000000 00:00 0 
7fdce99f5000-7fdce9a5c000 r--s 00a2e000 ca:01 774344                     /home/ubuntu/R/x86_64-pc-linux-gnu-library/3.2/RWekajars/java/weka.jar
7fdce9a5c000-7fdce9a78000 r-xp 00000000 ca:01 295205                     /usr/lib/R/library/grid/libs/grid.so
7fdce9a78000-7fdce9c78000 ---p 0001c000 ca:01 295205                     /usr/lib/R/library/grid/libs/grid.so
7fdce9c78000-7fdce9c79000 r--p 0001c000 ca:01 295205                     /usr/lib/R/library/grid/libs/grid.so
7fdce9c79000-7fdce9c7a000 rw-p 0001d000 ca:01 295205                     /usr/lib/R/library/grid/libs/grid.so
7fdce9c7a000-7fdce9c7b000 ---p 00000000 00:00 0 
7fdce9c7b000-7fdce9d7b000 rw-p 00000000 00:00 0 
7fdce9d7b000-7fdce9d7e000 ---p 00000000 00:00 0 
7fdce9d7e000-7fdce9e7c000 rw-p 00000000 00:00 0 
7fdce9e7c000-7fdce9e7f000 ---p 00000000 00:00 0 
7fdce9e7f000-7fdce9f7d000 rw-p 00000000 00:00 0 
7fdce9f7d000-7fdce9f80000 ---p 00000000 00:00 0 
7fdce9f80000-7fdcea07e000 rw-p 00000000 00:00 0 
7fdcea07e000-7fdcea081000 ---p 00000000 00:00 0 
7fdcea081000-7fdcea17f000 rw-p 00000000 00:00 0 
7fdcea17f000-7fdcea182000 ---p 00000000 00:00 0 
7fdcea182000-7fdcea280000 rw-p 00000000 00:00 0 
7fdcea280000-7fdcea283000 ---p 00000000 00:00 0 
7fdcea283000-7fdcea381000 rw-p 00000000 00:00 0 
7fdcea381000-7fdcea382000 ---p 00000000 00:00 0 
7fdcea382000-7fdcea482000 rw-p 00000000 00:00 0 
7fdcea482000-7fdcea651000 r--s 03c21000 ca:01 257925                     /usr/lib/jvm/java-8-openjdk-amd64/jre/lib/rt.jar
7fdcea651000-7fdceab91000 rw-p 00000000 00:00 0 
7fdceab91000-7fdceae51000 ---p 00000000 00:00 0 
7fdceae51000-7fdceae57000 rw-p 00000000 00:00 0 
7fdceae57000-7fdceaefc000 ---p 00000000 00:00 0 
7fdceaefc000-7fdceaeff000 rw-p 00000000 00:00 0 
7fdceaeff000-7fdceaf51000 ---p 00000000 00:00 0 
7fdceaf51000-7fdceaf57000 rw-p 00000000 00:00 0 
7fdceaf57000-7fdceaffc000 ---p 00000000 00:00 0 
7fdceaffc000-7fdceb007000 rw-p 00000000 00:00 0 
7fdceb007000-7fdceb3bd000 ---p 00000000 00:00 0 
7fdceb3bd000-7fdceb62d000 rwxp 00000000 00:00 0 
7fdceb62d000-7fdcfa3bd000 ---p 00000000 00:00 0 
7fdcfa3bd000-7fdcfa3c5000 r-xp 00000000 ca:01 284664                     /usr/lib/jvm/java-8-openjdk-amd64/jre/lib/amd64/libzip.so
7fdcfa3c5000-7fdcfa5c4000 ---p 00008000 ca:01 284664                     /usr/lib/jvm/java-8-openjdk-amd64/jre/lib/amd64/libzip.so
7fdcfa5c4000-7fdcfa5c5000 r--p 00007000 ca:01 284664                     /usr/lib/jvm/java-8-openjdk-amd64/jre/lib/amd64/libzip.so
7fdcfa5c5000-7fdcfa5c6000 rw-p 00008000 ca:01 284664                     /usr/lib/jvm/java-8-openjdk-amd64/jre/lib/amd64/libzip.so
7fdcfa5c6000-7fdcfa5d1000 r-xp 00000000 ca:01 1969                       /lib/x86_64-linux-gnu/libnss_files-2.23.so
7fdcfa5d1000-7fdcfa7d0000 ---p 0000b000 ca:01 1969                       /lib/x86_64-linux-gnu/libnss_files-2.23.so
7fdcfa7d0000-7fdcfa7d1000 r--p 0000a000 ca:01 1969                       /lib/x86_64-linux-gnu/libnss_files-2.23.so
7fdcfa7d1000-7fdcfa7d2000 rw-p 0000b000 ca:01 1969                       /lib/x86_64-linux-gnu/libnss_files-2.23.so
7fdcfa7d2000-7fdcfa7d8000 rw-p 00000000 00:00 0 
7fdcfa7d8000-7fdcfa7e3000 r-xp 00000000 ca:01 1972                       /lib/x86_64-linux-gnu/libnss_nis-2.23.so
7fdcfa7e3000-7fdcfa9e2000 ---p 0000b000 ca:01 1972                       /lib/x86_64-linux-gnu/libnss_nis-2.23.so
7fdcfa9e2000-7fdcfa9e3000 r--p 0000a000 ca:01 1972                       /lib/x86_64-linux-gnu/libnss_nis-2.23.so
7fdcfa9e3000-7fdcfa9e4000 rw-p 0000b000 ca:01 1972                       /lib/x86_64-linux-gnu/libnss_nis-2.23.so
7fdcfa9e4000-7fdcfa9fa000 r-xp 00000000 ca:01 1965                       /lib/x86_64-linux-gnu/libnsl-2.23.so
7fdcfa9fa000-7fdcfabf9000 ---p 00016000 ca:01 1965                       /lib/x86_64-linux-gnu/libnsl-2.23.so
7fdcfabf9000-7fdcfabfa000 r--p 00015000 ca:01 1965                       /lib/x86_64-linux-gnu/libnsl-2.23.so
7fdcfabfa000-7fdcfabfb000 rw-p 00016000 ca:01 1965                       /lib/x86_64-linux-gnu/libnsl-2.23.so
7fdcfabfb000-7fdcfabfd000 rw-p 00000000 00:00 0 
7fdcfabfd000-7fdcfac05000 r-xp 00000000 ca:01 1982                       /lib/x86_64-linux-gnu/libnss_compat-2.23.so
7fdcfac05000-7fdcfae04000 ---p 00008000 ca:01 1982                       /lib/x86_64-linux-gnu/libnss_compat-2.23.so
7fdcfae04000-7fdcfae05000 r--p 00007000 ca:01 1982                       /lib/x86_64-linux-gnu/libnss_compat-2.23.so
7fdcfae05000-7fdcfae06000 rw-p 00008000 ca:01 1982                       /lib/x86_64-linux-gnu/libnss_compat-2.23.so
7fdcfae06000-7fdcfae33000 r-xp 00000000 ca:01 281583                     /usr/lib/jvm/java-8-openjdk-amd64/jre/lib/amd64/libjava.so
7fdcfae33000-7fdcfb032000 ---p 0002d000 ca:01 281583                     /usr/lib/jvm/java-8-openjdk-amd64/jre/lib/amd64/libjava.so
7fdcfb032000-7fdcfb033000 r--p 0002c000 ca:01 281583                     /usr/lib/jvm/java-8-openjdk-amd64/jre/lib/amd64/libjava.so
7fdcfb033000-7fdcfb035000 rw-p 0002d000 ca:01 281583                     /usr/lib/jvm/java-8-openjdk-amd64/jre/lib/amd64/libjava.so
7fdcfb035000-7fdcfb1a7000 r-xp 00000000 ca:01 25749                      /usr/lib/x86_64-linux-gnu/libstdc++.so.6.0.21
7fdcfb1a7000-7fdcfb3a7000 ---p 00172000 ca:01 25749                      /usr/lib/x86_64-linux-gnu/libstdc++.so.6.0.21
7fdcfb3a7000-7fdcfb3b1000 r--p 00172000 ca:01 25749                      /usr/lib/x86_64-linux-gnu/libstdc++.so.6.0.21
7fdcfb3b1000-7fdcfb3b3000 rw-p 0017c000 ca:01 25749                      /usr/lib/x86_64-linux-gnu/libstdc++.so.6.0.21
7fdcfb3b3000-7fdcfb3b7000 rw-p 00000000 00:00 0 
7fdcfb3b7000-7fdcfc009000 r-xp 00000000 ca:01 284656                     /usr/lib/jvm/java-8-openjdk-amd64/jre/lib/amd64/server/libjvm.so
7fdcfc009000-7fdcfc209000 ---p 00c52000 ca:01 284656                     /usr/lib/jvm/java-8-openjdk-amd64/jre/lib/amd64/server/libjvm.so
7fdcfc209000-7fdcfc29c000 r--p 00c52000 ca:01 284656                     /usr/lib/jvm/java-8-openjdk-amd64/jre/lib/amd64/server/libjvm.so
7fdcfc29c000-7fdcfc2c5000 rw-p 00ce5000 ca:01 284656                     /usr/lib/jvm/java-8-openjdk-amd64/jre/lib/amd64/server/libjvm.so
7fdcfc2c5000-7fdcfc2f5000 rw-p 00000000 00:00 0 
7fdcfc2f5000-7fdcfc305000 r-xp 00000000 ca:01 774205                     /home/ubuntu/R/x86_64-pc-linux-gnu-library/3.2/rJava/libs/rJava.so
7fdcfc305000-7fdcfc504000 ---p 00010000 ca:01 774205                     /home/ubuntu/R/x86_64-pc-linux-gnu-library/3.2/rJava/libs/rJava.so
7fdcfc504000-7fdcfc505000 r--p 0000f000 ca:01 774205                     /home/ubuntu/R/x86_64-pc-linux-gnu-library/3.2/rJava/libs/rJava.so
7fdcfc505000-7fdcfc506000 rw-p 00010000 ca:01 774205                     /home/ubuntu/R/x86_64-pc-linux-gnu-library/3.2/rJava/libs/rJava.so
7fdcfc54b000-7fdcfc566000 r--s 001d6000 ca:01 257934                     /usr/lib/jvm/java-8-openjdk-amd64/jre/lib/ext/nashorn.jar
7fdcfc566000-7fdcfc581000 r--s 00394000 ca:01 257931                     /usr/lib/jvm/java-8-openjdk-amd64/jre/lib/ext/cldrdata.jar
7fdcfc581000-7fdcfc590000 r-xp 00000000 ca:01 284662                     /usr/lib/jvm/java-8-openjdk-amd64/jre/lib/amd64/libverify.so
7fdcfc590000-7fdcfc78f000 ---p 0000f000 ca:01 284662                     /usr/lib/jvm/java-8-openjdk-amd64/jre/lib/amd64/libverify.so
7fdcfc78f000-7fdcfc791000 r--p 0000e000 ca:01 284662                     /usr/lib/jvm/java-8-openjdk-amd64/jre/lib/amd64/libverify.so
7fdcfc791000-7fdcfc792000 rw-p 00010000 ca:01 284662                     /usr/lib/jvm/java-8-openjdk-amd64/jre/lib/amd64/libverify.so
7fdcfc792000-7fdcfc889000 rw-p 00000000 00:00 0 
7fdcfc889000-7fdcfc891000 r-xp 00000000 ca:01 295936                     /usr/lib/R/library/methods/libs/methods.so
7fdcfc891000-7fdcfca90000 ---p 00008000 ca:01 295936                     /usr/lib/R/library/methods/libs/methods.so
7fdcfca90000-7fdcfca91000 r--p 00007000 ca:01 295936                     /usr/lib/R/library/methods/libs/methods.so
7fdcfca91000-7fdcfca92000 rw-p 00008000 ca:01 295936                     /usr/lib/R/library/methods/libs/methods.so
7fdcfca92000-7fdcfcad0000 r-xp 00000000 ca:01 51597                      /usr/lib/x86_64-linux-gnu/libquadmath.so.0.0.0
7fdcfcad0000-7fdcfcccf000 ---p 0003e000 ca:01 51597                      /usr/lib/x86_64-linux-gnu/libquadmath.so.0.0.0
7fdcfcccf000-7fdcfccd0000 r--p 0003d000 ca:01 51597                      /usr/lib/x86_64-linux-gnu/libquadmath.so.0.0.0
7fdcfccd0000-7fdcfccd1000 rw-p 0003e000 ca:01 51597                      /usr/lib/x86_64-linux-gnu/libquadmath.so.0.0.0
7fdcfccd1000-7fdcfcce7000 r-xp 00000000 ca:01 1964                       /lib/x86_64-linux-gnu/libgcc_s.so.1
7fdcfcce7000-7fdcfcee6000 ---p 00016000 ca:01 1964                       /lib/x86_64-linux-gnu/libgcc_s.so.1
7fdcfcee6000-7fdcfcee7000 rw-p 00015000 ca:01 1964                       /lib/x86_64-linux-gnu/libgcc_s.so.1
7fdcfcee7000-7fdcfd010000 r-xp 00000000 ca:01 17644                      /usr/lib/x86_64-linux-gnu/libgfortran.so.3.0.0
7fdcfd010000-7fdcfd20f000 ---p 00129000 ca:01 17644                      /usr/lib/x86_64-linux-gnu/libgfortran.so.3.0.0
7fdcfd20f000-7fdcfd210000 r--p 00128000 ca:01 17644                      /usr/lib/x86_64-linux-gnu/libgfortran.so.3.0.0
7fdcfd210000-7fdcfd212000 rw-p 00129000 ca:01 17644                      /usr/lib/x86_64-linux-gnu/libgfortran.so.3.0.0
7fdcfd212000-7fdcfd806000 r-xp 00000000 ca:01 294702                     /usr/lib/lapack/liblapack.so.3.6.0
7fdcfd806000-7fdcfda05000 ---p 005f4000 ca:01 294702                     /usr/lib/lapack/liblapack.so.3.6.0
7fdcfda05000-7fdcfda06000 r--p 005f3000 ca:01 294702                     /usr/lib/lapack/liblapack.so.3.6.0
7fdcfda06000-7fdcfda0a000 rw-p 005f4000 ca:01 294702                     /usr/lib/lapack/liblapack.so.3.6.0
7fdcfda0a000-7fdcfdaac000 r-xp 00000000 ca:01 295272                     /usr/lib/R/library/stats/libs/stats.so
7fdcfdaac000-7fdcfdcac000 ---p 000a2000 ca:01 295272                     /usr/lib/R/library/stats/libs/stats.so
7fdcfdcac000-7fdcfdcae000 r--p 000a2000 ca:01 295272                     /usr/lib/R/library/stats/libs/stats.so
7fdcfdcae000-7fdcfdcaf000 rw-p 000a4000 ca:01 295272                     /usr/lib/R/library/stats/libs/stats.so
7fdcfdcaf000-7fdcfdde3000 rw-p 00000000 00:00 0 
7fdcfdde3000-7fdcfde21000 r-xp 00000000 ca:01 295959                     /usr/lib/R/library/graphics/libs/graphics.so
7fdcfde21000-7fdcfe021000 ---p 0003e000 ca:01 295959                     /usr/lib/R/library/graphics/libs/graphics.so
7fdcfe021000-7fdcfe022000 r--p 0003e000 ca:01 295959                     /usr/lib/R/library/graphics/libs/graphics.so
7fdcfe022000-7fdcfe023000 rw-p 0003f000 ca:01 295959                     /usr/lib/R/library/graphics/libs/graphics.so
7fdcfe023000-7fdcfe061000 rw-p 00000000 00:00 0 
7fdcfe061000-7fdcfe095000 r-xp 00000000 ca:01 295476                     /usr/lib/R/library/grDevices/libs/grDevices.so
7fdcfe095000-7fdcfe295000 ---p 00034000 ca:01 295476                     /usr/lib/R/library/grDevices/libs/grDevices.so
7fdcfe295000-7fdcfe29a000 r--p 00034000 ca:01 295476                     /usr/lib/R/library/grDevices/libs/grDevices.so
7fdcfe29a000-7fdcfe29c000 rw-p 00039000 ca:01 295476                     /usr/lib/R/library/grDevices/libs/grDevices.so
7fdcfe29c000-7fdcfe29d000 rw-p 00000000 00:00 0 
7fdcfe29d000-7fdcfe2a7000 r-xp 00000000 ca:01 295347                     /usr/lib/R/library/utils/libs/utils.so
7fdcfe2a7000-7fdcfe4a7000 ---p 0000a000 ca:01 295347                     /usr/lib/R/library/utils/libs/utils.so
7fdcfe4a7000-7fdcfe4a8000 r--p 0000a000 ca:01 295347                     /usr/lib/R/library/utils/libs/utils.so
7fdcfe4a8000-7fdcfe4a9000 rw-p 0000b000 ca:01 295347                     /usr/lib/R/library/utils/libs/utils.so
7fdcfe4a9000-7fdcfe877000 rw-p 00000000 00:00 0 
7fdcfe877000-7fdcfe89c000 r-xp 00000000 ca:01 2123                       /lib/x86_64-linux-gnu/libtinfo.so.5.9
7fdcfe89c000-7fdcfea9b000 ---p 00025000 ca:01 2123                       /lib/x86_64-linux-gnu/libtinfo.so.5.9
7fdcfea9b000-7fdcfea9f000 r--p 00024000 ca:01 2123                       /lib/x86_64-linux-gnu/libtinfo.so.5.9
7fdcfea9f000-7fdcfeaa0000 rw-p 00028000 ca:01 2123                       /lib/x86_64-linux-gnu/libtinfo.so.5.9
7fdcfeaa0000-7fdcfeac1000 r-xp 00000000 ca:01 51532                      /usr/lib/x86_64-linux-gnu/libgomp.so.1.0.0
7fdcfeac1000-7fdcfecc0000 ---p 00021000 ca:01 51532                      /usr/lib/x86_64-linux-gnu/libgomp.so.1.0.0
7fdcfecc0000-7fdcfecc1000 r--p 00020000 ca:01 51532                      /usr/lib/x86_64-linux-gnu/libgomp.so.1.0.0
7fdcfecc1000-7fdcfecc2000 rw-p 00021000 ca:01 51532                      /usr/lib/x86_64-linux-gnu/libgomp.so.1.0.0
7fdcfecc2000-7fdcfecc5000 r-xp 00000000 ca:01 1977                       /lib/x86_64-linux-gnu/libdl-2.23.so
7fdcfecc5000-7fdcfeec4000 ---p 00003000 ca:01 1977                       /lib/x86_64-linux-gnu/libdl-2.23.so
7fdcfeec4000-7fdcfeec5000 r--p 00002000 ca:01 1977                       /lib/x86_64-linux-gnu/libdl-2.23.so
7fdcfeec5000-7fdcfeec6000 rw-p 00003000 ca:01 1977                       /lib/x86_64-linux-gnu/libdl-2.23.so
7fdcfeec6000-7fdcfeecd000 r-xp 00000000 ca:01 1974                       /lib/x86_64-linux-gnu/librt-2.23.so
7fdcfeecd000-7fdcff0cc000 ---p 00007000 ca:01 1974                       /lib/x86_64-linux-gnu/librt-2.23.so
7fdcff0cc000-7fdcff0cd000 r--p 00006000 ca:01 1974                       /lib/x86_64-linux-gnu/librt-2.23.so
7fdcff0cd000-7fdcff0ce000 rw-p 00007000 ca:01 1974                       /lib/x86_64-linux-gnu/librt-2.23.so
7fdcff0ce000-7fdcff0e7000 r-xp 00000000 ca:01 2119                       /lib/x86_64-linux-gnu/libz.so.1.2.8
7fdcff0e7000-7fdcff2e6000 ---p 00019000 ca:01 2119                       /lib/x86_64-linux-gnu/libz.so.1.2.8
7fdcff2e6000-7fdcff2e7000 r--p 00018000 ca:01 2119                       /lib/x86_64-linux-gnu/libz.so.1.2.8
7fdcff2e7000-7fdcff2e8000 rw-p 00019000 ca:01 2119                       /lib/x86_64-linux-gnu/libz.so.1.2.8
7fdcff2e8000-7fdcff2f7000 r-xp 00000000 ca:01 2110                       /lib/x86_64-linux-gnu/libbz2.so.1.0.4
7fdcff2f7000-7fdcff4f6000 ---p 0000f000 ca:01 2110                       /lib/x86_64-linux-gnu/libbz2.so.1.0.4
7fdcff4f6000-7fdcff4f7000 r--p 0000e000 ca:01 2110                       /lib/x86_64-linux-gnu/libbz2.so.1.0.4
7fdcff4f7000-7fdcff4f8000 rw-p 0000f000 ca:01 2110                       /lib/x86_64-linux-gnu/libbz2.so.1.0.4
7fdcff4f8000-7fdcff519000 r-xp 00000000 ca:01 2003                       /lib/x86_64-linux-gnu/liblzma.so.5.0.0
7fdcff519000-7fdcff718000 ---p 00021000 ca:01 2003                       /lib/x86_64-linux-gnu/liblzma.so.5.0.0
7fdcff718000-7fdcff719000 r--p 00020000 ca:01 2003                       /lib/x86_64-linux-gnu/liblzma.so.5.0.0
7fdcff719000-7fdcff71a000 rw-p 00021000 ca:01 2003                       /lib/x86_64-linux-gnu/liblzma.so.5.0.0
7fdcff71a000-7fdcff788000 r-xp 00000000 ca:01 2062                       /lib/x86_64-linux-gnu/libpcre.so.3.13.2
7fdcff788000-7fdcff988000 ---p 0006e000 ca:01 2062                       /lib/x86_64-linux-gnu/libpcre.so.3.13.2
7fdcff988000-7fdcff989000 r--p 0006e000 ca:01 2062                       /lib/x86_64-linux-gnu/libpcre.so.3.13.2
7fdcff989000-7fdcff98a000 rw-p 0006f000 ca:01 2062                       /lib/x86_64-linux-gnu/libpcre.so.3.13.2
7fdcff98a000-7fdcff9c7000 r-xp 00000000 ca:01 2147                       /lib/x86_64-linux-gnu/libreadline.so.6.3
7fdcff9c7000-7fdcffbc7000 ---p 0003d000 ca:01 2147                       /lib/x86_64-linux-gnu/libreadline.so.6.3
7fdcffbc7000-7fdcffbc9000 r--p 0003d000 ca:01 2147                       /lib/x86_64-linux-gnu/libreadline.so.6.3
7fdcffbc9000-7fdcffbcf000 rw-p 0003f000 ca:01 2147                       /lib/x86_64-linux-gnu/libreadline.so.6.3
7fdcffbcf000-7fdcffbd0000 rw-p 00000000 00:00 0 
7fdcffbd0000-7fdcffcd8000 r-xp 00000000 ca:01 1989                       /lib/x86_64-linux-gnu/libm-2.23.so
7fdcffcd8000-7fdcffed7000 ---p 00108000 ca:01 1989                       /lib/x86_64-linux-gnu/libm-2.23.so
7fdcffed7000-7fdcffed8000 r--p 00107000 ca:01 1989                       /lib/x86_64-linux-gnu/libm-2.23.so
7fdcffed8000-7fdcffed9000 rw-p 00108000 ca:01 1989                       /lib/x86_64-linux-gnu/libm-2.23.so
7fdcffed9000-7fdcfff47000 r-xp 00000000 ca:01 294382                     /usr/lib/libblas/libblas.so.3.6.0
7fdcfff47000-7fdd00146000 ---p 0006e000 ca:01 294382                     /usr/lib/libblas/libblas.so.3.6.0
7fdd00146000-7fdd00147000 r--p 0006d000 ca:01 294382                     /usr/lib/libblas/libblas.so.3.6.0
7fdd00147000-7fdd00148000 rw-p 0006e000 ca:01 294382                     /usr/lib/libblas/libblas.so.3.6.0
7fdd00148000-7fdd00308000 r-xp 00000000 ca:01 1994                       /lib/x86_64-linux-gnu/libc-2.23.so
7fdd00308000-7fdd00508000 ---p 001c0000 ca:01 1994                       /lib/x86_64-linux-gnu/libc-2.23.so
7fdd00508000-7fdd0050c000 r--p 001c0000 ca:01 1994                       /lib/x86_64-linux-gnu/libc-2.23.so
7fdd0050c000-7fdd0050e000 rw-p 001c4000 ca:01 1994                       /lib/x86_64-linux-gnu/libc-2.23.so
7fdd0050e000-7fdd00512000 rw-p 00000000 00:00 0 
7fdd00512000-7fdd0052a000 r-xp 00000000 ca:01 1971                       /lib/x86_64-linux-gnu/libpthread-2.23.so
7fdd0052a000-7fdd00729000 ---p 00018000 ca:01 1971                       /lib/x86_64-linux-gnu/libpthread-2.23.so
7fdd00729000-7fdd0072a000 r--p 00017000 ca:01 1971                       /lib/x86_64-linux-gnu/libpthread-2.23.so
7fdd0072a000-7fdd0072b000 rw-p 00018000 ca:01 1971                       /lib/x86_64-linux-gnu/libpthread-2.23.so
7fdd0072b000-7fdd0072f000 rw-p 00000000 00:00 0 
7fdd0072f000-7fdd009cc000 r-xp 00000000 ca:01 295169                     /usr/lib/R/lib/libR.so
7fdd009cc000-7fdd00bcc000 ---p 0029d000 ca:01 295169                     /usr/lib/R/lib/libR.so
7fdd00bcc000-7fdd00be9000 r--p 0029d000 ca:01 295169                     /usr/lib/R/lib/libR.so
7fdd00be9000-7fdd00bf4000 rw-p 002ba000 ca:01 295169                     /usr/lib/R/lib/libR.so
7fdd00bf4000-7fdd00ce1000 rw-p 00000000 00:00 0 
7fdd00ce1000-7fdd00d07000 r-xp 00000000 ca:01 1966                       /lib/x86_64-linux-gnu/ld-2.23.so
7fdd00d0d000-7fdd00d0e000 r--s 00000000 ca:01 774394                     /home/ubuntu/R/x86_64-pc-linux-gnu-library/3.2/RWeka/java/RWeka.jar
7fdd00d0e000-7fdd00d10000 r--s 00008000 ca:01 257936                     /usr/lib/jvm/java-8-openjdk-amd64/jre/lib/ext/sunec.jar
7fdd00d10000-7fdd00d11000 r--s 00010000 ca:01 257933                     /usr/lib/jvm/java-8-openjdk-amd64/jre/lib/ext/zipfs.jar
7fdd00d11000-7fdd00d1b000 r--s 00116000 ca:01 257939                     /usr/lib/jvm/java-8-openjdk-amd64/jre/lib/ext/localedata.jar
7fdd00d1b000-7fdd00d1f000 r--s 00037000 ca:01 257940                     /usr/lib/jvm/java-8-openjdk-amd64/jre/lib/ext/sunpkcs11.jar
7fdd00d1f000-7fdd00d22000 r--s 0000f000 ca:01 257930                     /usr/lib/jvm/java-8-openjdk-amd64/jre/lib/ext/icedtea-sound.jar
7fdd00d22000-7fdd00d28000 r--s 0003a000 ca:01 257935                     /usr/lib/jvm/java-8-openjdk-amd64/jre/lib/ext/sunjce_provider.jar
7fdd00d28000-7fdd00d2a000 r--s 00001000 ca:01 257942                     /usr/lib/jvm/java-8-openjdk-amd64/jre/lib/ext/dnsns.jar
7fdd00d2a000-7fdd00d32000 rw-s 00000000 ca:01 263676                     /tmp/hsperfdata_ubuntu/3267
7fdd00d32000-7fdd00d59000 rw-p 00000000 00:00 0 
7fdd00d59000-7fdd00ef1000 r--p 00000000 ca:01 28920                      /usr/lib/locale/locale-archive
7fdd00ef1000-7fdd00efa000 rw-p 00000000 00:00 0 
7fdd00efa000-7fdd00efb000 r--s 0000a000 ca:01 257941                     /usr/lib/jvm/java-8-openjdk-amd64/jre/lib/ext/jaccess.jar
7fdd00efb000-7fdd00efc000 rw-p 00000000 00:00 0 
7fdd00efc000-7fdd00efd000 r--p 00000000 00:00 0 
7fdd00efd000-7fdd00f04000 r--s 00000000 ca:01 24833                      /usr/lib/x86_64-linux-gnu/gconv/gconv-modules.cache
7fdd00f04000-7fdd00f06000 rw-p 00000000 00:00 0 
7fdd00f06000-7fdd00f07000 r--p 00025000 ca:01 1966                       /lib/x86_64-linux-gnu/ld-2.23.so
7fdd00f07000-7fdd00f08000 rw-p 00026000 ca:01 1966                       /lib/x86_64-linux-gnu/ld-2.23.so
7fdd00f08000-7fdd00f09000 rw-p 00000000 00:00 0 
7ffd273e6000-7ffd273e9000 ---p 00000000 00:00 0 
7ffd273e9000-7ffd27be6000 rw-p 00000000 00:00 0                          [stack]
7ffd27bf8000-7ffd27bfa000 r--p 00000000 00:00 0                          [vvar]
7ffd27bfa000-7ffd27bfc000 r-xp 00000000 00:00 0                          [vdso]
ffffffffff600000-ffffffffff601000 r-xp 00000000 00:00 0                  [vsyscall]

VM Arguments:
jvm_args: -Xmx512m --add-opens=java.base/java.lang=ALL-UNNAMED -Xrs vfprintf exit 
java_command: <unknown>
java_class_path (initial): /home/ubuntu/R/x86_64-pc-linux-gnu-library/3.2/rJava/java/boot
Launcher Type: generic

Environment Variables:
JAVA_HOME=/usr/lib/jvm/java-8-openjdk-amd64
PATH=/home/ubuntu/bin:/home/ubuntu/.local/bin:/usr/local/sbin:/usr/local/bin:/usr/sbin:/usr/bin:/sbin:/bin:/usr/games:/usr/local/games:/usr/lib/java-8-openjdk-amd-64/bin:/usr/lib/jvm/java-8-openjdk-amd64/bin::/snap/bin:/usr/lib/jvm/java-8-openjdk-amd64/bin:/usr/lib/jvm/java-8-openjdk-amd64/bin:
LD_LIBRARY_PATH=/usr/lib/R/lib:/usr/lib/x86_64-linux-gnu:/usr/lib/jvm/java-8-openjdk-amd64/lib/amd64/server:@JAVA_LD@
SHELL=/bin/bash

Signal Handlers:
SIGSEGV: [libjvm.so+0xa69040], sa_mask[0]=11111111011111111101111111111110, sa_flags=SA_RESTART|SA_SIGINFO
SIGBUS: [libjvm.so+0xa69040], sa_mask[0]=11111111011111111101111111111110, sa_flags=SA_RESTART|SA_SIGINFO
SIGFPE: [libjvm.so+0x8b2170], sa_mask[0]=11111111011111111101111111111110, sa_flags=SA_RESTART|SA_SIGINFO
SIGPIPE: [libjvm.so+0x8b2170], sa_mask[0]=11111111011111111101111111111110, sa_flags=SA_RESTART|SA_SIGINFO
SIGXFSZ: [libjvm.so+0x8b2170], sa_mask[0]=11111111011111111101111111111110, sa_flags=SA_RESTART|SA_SIGINFO
SIGILL: [libjvm.so+0x8b2170], sa_mask[0]=11111111011111111101111111111110, sa_flags=SA_RESTART|SA_SIGINFO
SIGUSR1: [libR.so+0xef4d0], sa_mask[0]=00000000010000000000000000000000, sa_flags=SA_RESTART
SIGUSR2: [libjvm.so+0x8b2020], sa_mask[0]=00000000000000000000000000000000, sa_flags=SA_RESTART|SA_SIGINFO
SIGHUP: SIG_DFL, sa_mask[0]=00000000000000000000000000000000, sa_flags=none
SIGINT: [libR.so+0x12c7b0], sa_mask[0]=01000000000000000000000000000000, sa_flags=SA_RESTART
SIGTERM: SIG_DFL, sa_mask[0]=00000000000000000000000000000000, sa_flags=none
SIGQUIT: SIG_DFL, sa_mask[0]=00000000000000000000000000000000, sa_flags=none


---------------  S Y S T E M  ---------------

OS:DISTRIB_ID=Ubuntu
DISTRIB_RELEASE=16.04
DISTRIB_CODENAME=xenial
DISTRIB_DESCRIPTION="Ubuntu 16.04.3 LTS"

uname:Linux 4.4.0-1041-aws #50-Ubuntu SMP Wed Nov 15 22:18:17 UTC 2017 x86_64
libc:glibc 2.23 NPTL 2.23 
rlimit: STACK 8192k, CORE 0k, NPROC 3901, NOFILE 1048576, AS infinity
load average:28.89 16.49 7.02

/proc/meminfo:
MemTotal:        1014648 kB
MemFree:          249940 kB
MemAvailable:     200628 kB
Buffers:            2636 kB
Cached:            36904 kB
SwapCached:            0 kB
Active:           684980 kB
Inactive:          26448 kB
Active(anon):     674864 kB
Inactive(anon):     3984 kB
Active(file):      10116 kB
Inactive(file):    22464 kB
Unevictable:        3660 kB
Mlocked:            3660 kB
SwapTotal:             0 kB
SwapFree:              0 kB
Dirty:               132 kB
Writeback:             0 kB
AnonPages:        675636 kB
Mapped:            26608 kB
Shmem:              4448 kB
Slab:              27756 kB
SReclaimable:      11612 kB
SUnreclaim:        16144 kB
KernelStack:        3360 kB
PageTables:         6624 kB
NFS_Unstable:          0 kB
Bounce:                0 kB
WritebackTmp:          0 kB
CommitLimit:      507324 kB
Committed_AS:     941924 kB
VmallocTotal:   34359738367 kB
VmallocUsed:           0 kB
VmallocChunk:          0 kB
HardwareCorrupted:     0 kB
AnonHugePages:     67584 kB
CmaTotal:              0 kB
CmaFree:               0 kB
HugePages_Total:       0
HugePages_Free:        0
HugePages_Rsvd:        0
HugePages_Surp:        0
Hugepagesize:       2048 kB
DirectMap4k:       36864 kB
DirectMap2M:     1011712 kB


CPU:total 1 (initial active 1) (1 cores per cpu, 1 threads per core) family 6 model 63 stepping 2, cmov, cx8, fxsr, mmx, sse, sse2, sse3, ssse3, sse4.1, sse4.2, popcnt, avx, avx2, aes, clmul, erms, lzcnt, tsc, bmi1, bmi2

/proc/cpuinfo:
processor	: 0
vendor_id	: GenuineIntel
cpu family	: 6
model		: 63
model name	: Intel(R) Xeon(R) CPU E5-2676 v3 @ 2.40GHz
stepping	: 2
microcode	: 0x3a
cpu MHz		: 2394.544
cache size	: 30720 KB
physical id	: 0
siblings	: 1
core id		: 0
cpu cores	: 1
apicid		: 0
initial apicid	: 0
fpu		: yes
fpu_exception	: yes
cpuid level	: 13
wp		: yes
flags		: fpu vme de pse tsc msr pae mce cx8 apic sep mtrr pge mca cmov pat pse36 clflush mmx fxsr sse sse2 ht syscall nx rdtscp lm constant_tsc rep_good nopl xtopology eagerfpu pni pclmulqdq ssse3 fma cx16 pcid sse4_1 sse4_2 x2apic movbe popcnt tsc_deadline_timer aes xsave avx f16c rdrand hypervisor lahf_lm abm fsgsbase bmi1 avx2 smep bmi2 erms invpcid xsaveopt
bugs		:
bogomips	: 4789.08
clflush size	: 64
cache_alignment	: 64
address sizes	: 46 bits physical, 48 bits virtual
power management:



Memory: 4k page, physical 1014648k(249940k free), swap 0k(0k free)

vm_info: OpenJDK 64-Bit Server VM (25.151-b12) for linux-amd64 JRE (1.8.0_151-8u151-b12-0ubuntu0.16.04.2-b12), built on Oct 27 2017 21:59:02 by "buildd" with gcc 5.4.0 20160609

time: Wed Nov 29 05:50:28 2017
elapsed time: 278 seconds (0d 0h 4m 38s)

